Sender: LSF System <lsfadmin@lg03a07>
Subject: Job 95876704: <jupyter> in cluster <chimera> Exited

Job <jupyter> was submitted from host <li03c02> by user <sistia01> in cluster <chimera> at Mon Aug  7 13:41:01 2023
Job was executed on host(s) <lg03a07>, in queue <gpu>, as user <sistia01> in cluster <chimera> at Mon Aug  7 13:41:23 2023
</hpc/users/sistia01> was used as the home directory.
</sc/arion/projects/shenl03_ml/2023_adriana_bc_risk/Mirai_test/Mirai/data> was used as the working directory.
Started at Mon Aug  7 13:41:23 2023
Terminated at Mon Aug  7 13:45:28 2023
Results reported at Mon Aug  7 13:45:28 2023

Your job looked like:

------------------------------------------------------------
# LSBATCH: User input
#!/bin/bash

## Auto generated script for jupyter web job.

#BSUB -J jupyter
#BSUB -n 1
#BSUB -M 10000
#BSUB -P acc_shenl03_ml
#BSUB -q gpu 
#BSUB -R rusage[mem=16000]
#BSUB -gpu num=1
#BSUB -R "rusage[mem=10000] span[hosts=1]"
#BSUB -W 6:00
#BSUB -oo jupyter_%J.out
#BSUB -eo jupyter_%J.err


# Set up proxy
export http_proxy=http://172.28.7.1:3128
export https_proxy=http://172.28.7.1:3128
export all_proxy=http://172.28.7.1:3128
export no_proxy=localhost,*.hpc.mssm.edu,*.chimera.hpc.mssm.edu,172.28.0.0/16

ml purge

module load python
ml

# remote host li03c03
remote_host="10.95.46.103"

# set remote port to be 4+last 4 digit of jobid. $LSB_JOBID
remote_port="4$(echo $LSB_JOBID|cut -c 5-)"


local_used_ports=$(netstat -4 -ltn | grep LISTEN | awk '{ print $4 }' | awk -F":" '{ print $2 }' )

for p in {8888..9999}
do
	if [[ $local_used_ports != *$p* ]];
	then
		echo "Using local port $p"
		break
	fi
done

unset XDG_RUNTIME_DIR

jupyter notebook --no-browser --ip=0.0.0.0 --port=$p &


(... more ...)
------------------------------------------------------------

TERM_OWNER: job killed by owner.
Exited with signal termination: 14.

Resource usage summary:

    CPU time :                                   7.00 sec.
    Max Memory :                                 153 MB
    Average Memory :                             127.79 MB
    Total Requested Memory :                     10000.00 MB
    Delta Memory :                               9847.00 MB
    Max Swap :                                   -
    Max Processes :                              6
    Max Threads :                                22
    Run time :                                   245 sec.
    Turnaround time :                            267 sec.

The output (if any) follows:

Using local port 8888
Jupyter Notebook is started on compute node lg03a07, port 8888



PS:

Read file <jupyter_95876704.err> for stderr output of this job.

